{"/Users/manuelopez/Desktop/code/dsAlgo/src/arrays/vector.ts": {"path":"/Users/manuelopez/Desktop/code/dsAlgo/src/arrays/vector.ts","all":false,"statementMap":{"0":{"start":{"line":1,"column":0},"end":{"line":1,"column":24}},"1":{"start":{"line":2,"column":0},"end":{"line":2,"column":19}},"2":{"start":{"line":3,"column":0},"end":{"line":3,"column":24}},"3":{"start":{"line":4,"column":0},"end":{"line":4,"column":0}},"4":{"start":{"line":5,"column":0},"end":{"line":5,"column":17}},"5":{"start":{"line":6,"column":0},"end":{"line":6,"column":29}},"6":{"start":{"line":7,"column":0},"end":{"line":7,"column":19}},"7":{"start":{"line":8,"column":0},"end":{"line":8,"column":3}},"8":{"start":{"line":9,"column":0},"end":{"line":9,"column":0}},"9":{"start":{"line":10,"column":0},"end":{"line":10,"column":17}},"10":{"start":{"line":11,"column":0},"end":{"line":11,"column":22}},"11":{"start":{"line":12,"column":0},"end":{"line":12,"column":3}},"12":{"start":{"line":13,"column":0},"end":{"line":13,"column":0}},"13":{"start":{"line":14,"column":0},"end":{"line":14,"column":21}},"14":{"start":{"line":15,"column":0},"end":{"line":15,"column":27}},"15":{"start":{"line":16,"column":0},"end":{"line":16,"column":3}},"16":{"start":{"line":17,"column":0},"end":{"line":17,"column":0}},"17":{"start":{"line":18,"column":0},"end":{"line":18,"column":20}},"18":{"start":{"line":19,"column":0},"end":{"line":19,"column":28}},"19":{"start":{"line":20,"column":0},"end":{"line":20,"column":3}},"20":{"start":{"line":21,"column":0},"end":{"line":21,"column":0}},"21":{"start":{"line":22,"column":0},"end":{"line":22,"column":28}},"22":{"start":{"line":23,"column":0},"end":{"line":23,"column":42}},"23":{"start":{"line":24,"column":0},"end":{"line":24,"column":44}},"24":{"start":{"line":25,"column":0},"end":{"line":25,"column":5}},"25":{"start":{"line":26,"column":0},"end":{"line":26,"column":0}},"26":{"start":{"line":27,"column":0},"end":{"line":27,"column":27}},"27":{"start":{"line":28,"column":0},"end":{"line":28,"column":3}},"28":{"start":{"line":29,"column":0},"end":{"line":29,"column":0}},"29":{"start":{"line":30,"column":0},"end":{"line":30,"column":23}},"30":{"start":{"line":31,"column":0},"end":{"line":31,"column":40}},"31":{"start":{"line":32,"column":0},"end":{"line":32,"column":39}},"32":{"start":{"line":33,"column":0},"end":{"line":33,"column":5}},"33":{"start":{"line":34,"column":0},"end":{"line":34,"column":0}},"34":{"start":{"line":35,"column":0},"end":{"line":35,"column":31}},"35":{"start":{"line":36,"column":0},"end":{"line":36,"column":17}},"36":{"start":{"line":37,"column":0},"end":{"line":37,"column":3}},"37":{"start":{"line":38,"column":0},"end":{"line":38,"column":0}},"38":{"start":{"line":39,"column":0},"end":{"line":39,"column":40}},"39":{"start":{"line":40,"column":0},"end":{"line":40,"column":42}},"40":{"start":{"line":41,"column":0},"end":{"line":41,"column":44}},"41":{"start":{"line":42,"column":0},"end":{"line":42,"column":5}},"42":{"start":{"line":43,"column":0},"end":{"line":43,"column":0}},"43":{"start":{"line":44,"column":0},"end":{"line":44,"column":40}},"44":{"start":{"line":45,"column":0},"end":{"line":45,"column":39}},"45":{"start":{"line":46,"column":0},"end":{"line":46,"column":5}},"46":{"start":{"line":47,"column":0},"end":{"line":47,"column":0}},"47":{"start":{"line":48,"column":0},"end":{"line":48,"column":27}},"48":{"start":{"line":49,"column":0},"end":{"line":49,"column":0}},"49":{"start":{"line":50,"column":0},"end":{"line":50,"column":26}},"50":{"start":{"line":51,"column":0},"end":{"line":51,"column":17}},"51":{"start":{"line":52,"column":0},"end":{"line":52,"column":3}},"52":{"start":{"line":53,"column":0},"end":{"line":53,"column":0}},"53":{"start":{"line":54,"column":0},"end":{"line":54,"column":26}},"54":{"start":{"line":55,"column":0},"end":{"line":55,"column":40}},"55":{"start":{"line":56,"column":0},"end":{"line":56,"column":39}},"56":{"start":{"line":57,"column":0},"end":{"line":57,"column":5}},"57":{"start":{"line":58,"column":0},"end":{"line":58,"column":0}},"58":{"start":{"line":59,"column":0},"end":{"line":59,"column":23}},"59":{"start":{"line":60,"column":0},"end":{"line":60,"column":22}},"60":{"start":{"line":61,"column":0},"end":{"line":61,"column":17}},"61":{"start":{"line":62,"column":0},"end":{"line":62,"column":3}},"62":{"start":{"line":63,"column":0},"end":{"line":63,"column":0}},"63":{"start":{"line":64,"column":0},"end":{"line":64,"column":16}},"64":{"start":{"line":65,"column":0},"end":{"line":65,"column":41}},"65":{"start":{"line":66,"column":0},"end":{"line":66,"column":17}},"66":{"start":{"line":67,"column":0},"end":{"line":67,"column":0}},"67":{"start":{"line":68,"column":0},"end":{"line":68,"column":56}},"68":{"start":{"line":69,"column":0},"end":{"line":69,"column":51}},"69":{"start":{"line":70,"column":0},"end":{"line":70,"column":5}},"70":{"start":{"line":71,"column":0},"end":{"line":71,"column":0}},"71":{"start":{"line":72,"column":0},"end":{"line":72,"column":15}},"72":{"start":{"line":73,"column":0},"end":{"line":73,"column":3}},"73":{"start":{"line":74,"column":0},"end":{"line":74,"column":0}},"74":{"start":{"line":75,"column":0},"end":{"line":75,"column":32}},"75":{"start":{"line":76,"column":0},"end":{"line":76,"column":32}},"76":{"start":{"line":77,"column":0},"end":{"line":77,"column":0}},"77":{"start":{"line":78,"column":0},"end":{"line":78,"column":26}},"78":{"start":{"line":79,"column":0},"end":{"line":79,"column":0}},"79":{"start":{"line":80,"column":0},"end":{"line":80,"column":17}},"80":{"start":{"line":81,"column":0},"end":{"line":81,"column":56}},"81":{"start":{"line":82,"column":0},"end":{"line":82,"column":51}},"82":{"start":{"line":83,"column":0},"end":{"line":83,"column":5}},"83":{"start":{"line":84,"column":0},"end":{"line":84,"column":0}},"84":{"start":{"line":85,"column":0},"end":{"line":85,"column":15}},"85":{"start":{"line":86,"column":0},"end":{"line":86,"column":3}},"86":{"start":{"line":87,"column":0},"end":{"line":87,"column":0}},"87":{"start":{"line":88,"column":0},"end":{"line":88,"column":25}},"88":{"start":{"line":89,"column":0},"end":{"line":89,"column":18}},"89":{"start":{"line":90,"column":0},"end":{"line":90,"column":40}},"90":{"start":{"line":91,"column":0},"end":{"line":91,"column":25}},"91":{"start":{"line":92,"column":0},"end":{"line":92,"column":14}},"92":{"start":{"line":93,"column":0},"end":{"line":93,"column":7}},"93":{"start":{"line":94,"column":0},"end":{"line":94,"column":25}},"94":{"start":{"line":95,"column":0},"end":{"line":95,"column":5}},"95":{"start":{"line":96,"column":0},"end":{"line":96,"column":3}},"96":{"start":{"line":97,"column":0},"end":{"line":97,"column":0}},"97":{"start":{"line":98,"column":0},"end":{"line":98,"column":23}},"98":{"start":{"line":99,"column":0},"end":{"line":99,"column":42}},"99":{"start":{"line":100,"column":0},"end":{"line":100,"column":32}},"100":{"start":{"line":101,"column":0},"end":{"line":101,"column":17}},"101":{"start":{"line":102,"column":0},"end":{"line":102,"column":7}},"102":{"start":{"line":103,"column":0},"end":{"line":103,"column":5}},"103":{"start":{"line":104,"column":0},"end":{"line":104,"column":0}},"104":{"start":{"line":105,"column":0},"end":{"line":105,"column":14}},"105":{"start":{"line":106,"column":0},"end":{"line":106,"column":3}},"106":{"start":{"line":107,"column":0},"end":{"line":107,"column":0}},"107":{"start":{"line":108,"column":0},"end":{"line":108,"column":37}},"108":{"start":{"line":109,"column":0},"end":{"line":109,"column":50}},"109":{"start":{"line":110,"column":0},"end":{"line":110,"column":36}},"110":{"start":{"line":111,"column":0},"end":{"line":111,"column":5}},"111":{"start":{"line":112,"column":0},"end":{"line":112,"column":3}},"112":{"start":{"line":113,"column":0},"end":{"line":113,"column":0}},"113":{"start":{"line":114,"column":0},"end":{"line":114,"column":36}},"114":{"start":{"line":115,"column":0},"end":{"line":115,"column":46}},"115":{"start":{"line":116,"column":0},"end":{"line":116,"column":36}},"116":{"start":{"line":117,"column":0},"end":{"line":117,"column":5}},"117":{"start":{"line":118,"column":0},"end":{"line":118,"column":3}},"118":{"start":{"line":119,"column":0},"end":{"line":119,"column":0}},"119":{"start":{"line":120,"column":0},"end":{"line":120,"column":39}},"120":{"start":{"line":121,"column":0},"end":{"line":121,"column":39}},"121":{"start":{"line":122,"column":0},"end":{"line":122,"column":40}},"122":{"start":{"line":123,"column":0},"end":{"line":123,"column":49}},"123":{"start":{"line":124,"column":0},"end":{"line":124,"column":29}},"124":{"start":{"line":125,"column":0},"end":{"line":125,"column":7}},"125":{"start":{"line":126,"column":0},"end":{"line":126,"column":12}},"126":{"start":{"line":127,"column":0},"end":{"line":127,"column":44}},"127":{"start":{"line":128,"column":0},"end":{"line":128,"column":29}},"128":{"start":{"line":129,"column":0},"end":{"line":129,"column":7}},"129":{"start":{"line":130,"column":0},"end":{"line":130,"column":5}},"130":{"start":{"line":131,"column":0},"end":{"line":131,"column":0}},"131":{"start":{"line":132,"column":0},"end":{"line":132,"column":19}},"132":{"start":{"line":133,"column":0},"end":{"line":133,"column":3}},"133":{"start":{"line":134,"column":0},"end":{"line":134,"column":0}},"134":{"start":{"line":135,"column":0},"end":{"line":135,"column":21}},"135":{"start":{"line":136,"column":0},"end":{"line":136,"column":17}},"136":{"start":{"line":137,"column":0},"end":{"line":137,"column":15}},"137":{"start":{"line":138,"column":0},"end":{"line":138,"column":42}},"138":{"start":{"line":139,"column":0},"end":{"line":139,"column":33}},"139":{"start":{"line":140,"column":0},"end":{"line":140,"column":27}},"140":{"start":{"line":141,"column":0},"end":{"line":141,"column":14}},"141":{"start":{"line":142,"column":0},"end":{"line":142,"column":34}},"142":{"start":{"line":143,"column":0},"end":{"line":143,"column":7}},"143":{"start":{"line":144,"column":0},"end":{"line":144,"column":5}},"144":{"start":{"line":145,"column":0},"end":{"line":145,"column":15}},"145":{"start":{"line":146,"column":0},"end":{"line":146,"column":15}},"146":{"start":{"line":147,"column":0},"end":{"line":147,"column":3}},"147":{"start":{"line":148,"column":0},"end":{"line":148,"column":0}},"148":{"start":{"line":149,"column":0},"end":{"line":149,"column":25}},"149":{"start":{"line":150,"column":0},"end":{"line":150,"column":17}},"150":{"start":{"line":151,"column":0},"end":{"line":151,"column":15}},"151":{"start":{"line":152,"column":0},"end":{"line":152,"column":47}},"152":{"start":{"line":153,"column":0},"end":{"line":153,"column":38}},"153":{"start":{"line":154,"column":0},"end":{"line":154,"column":27}},"154":{"start":{"line":155,"column":0},"end":{"line":155,"column":14}},"155":{"start":{"line":156,"column":0},"end":{"line":156,"column":34}},"156":{"start":{"line":157,"column":0},"end":{"line":157,"column":7}},"157":{"start":{"line":158,"column":0},"end":{"line":158,"column":5}},"158":{"start":{"line":159,"column":0},"end":{"line":159,"column":15}},"159":{"start":{"line":160,"column":0},"end":{"line":160,"column":15}},"160":{"start":{"line":161,"column":0},"end":{"line":161,"column":3}},"161":{"start":{"line":162,"column":0},"end":{"line":162,"column":1}}},"s":{"0":1,"1":1,"2":1,"3":1,"4":1,"5":12,"6":12,"7":12,"8":1,"9":1,"10":7,"11":7,"12":1,"13":1,"14":85,"15":85,"16":1,"17":1,"18":2,"19":2,"20":1,"21":1,"22":4,"23":0,"24":0,"25":4,"26":4,"27":4,"28":1,"29":1,"30":73,"31":0,"32":0,"33":73,"34":73,"35":73,"36":73,"37":1,"38":1,"39":1,"40":0,"41":0,"42":1,"43":1,"44":0,"45":0,"46":1,"47":1,"48":1,"49":1,"50":1,"51":1,"52":1,"53":1,"54":1,"55":0,"56":0,"57":1,"58":1,"59":1,"60":1,"61":1,"62":1,"63":1,"64":1,"65":1,"66":1,"67":1,"68":0,"69":0,"70":1,"71":1,"72":1,"73":1,"74":1,"75":8,"76":8,"77":8,"78":8,"79":8,"80":8,"81":0,"82":0,"83":8,"84":8,"85":8,"86":1,"87":1,"88":1,"89":8,"90":8,"91":1,"92":1,"93":7,"94":7,"95":1,"96":1,"97":1,"98":1,"99":1,"100":1,"101":1,"102":1,"103":0,"104":0,"105":0,"106":1,"107":1,"108":2,"109":12,"110":12,"111":2,"112":1,"113":1,"114":8,"115":38,"116":38,"117":8,"118":1,"119":1,"120":0,"121":0,"122":0,"123":0,"124":0,"125":0,"126":0,"127":0,"128":0,"129":0,"130":0,"131":0,"132":0,"133":1,"134":1,"135":0,"136":0,"137":0,"138":0,"139":0,"140":0,"141":0,"142":0,"143":0,"144":0,"145":0,"146":0,"147":1,"148":1,"149":0,"150":0,"151":0,"152":0,"153":0,"154":0,"155":0,"156":0,"157":0,"158":0,"159":0,"160":0,"161":1},"branchMap":{"0":{"type":"branch","line":5,"loc":{"start":{"line":5,"column":2},"end":{"line":8,"column":3}},"locations":[{"start":{"line":5,"column":2},"end":{"line":8,"column":3}}]},"1":{"type":"branch","line":10,"loc":{"start":{"line":10,"column":9},"end":{"line":12,"column":3}},"locations":[{"start":{"line":10,"column":9},"end":{"line":12,"column":3}}]},"2":{"type":"branch","line":14,"loc":{"start":{"line":14,"column":9},"end":{"line":16,"column":3}},"locations":[{"start":{"line":14,"column":9},"end":{"line":16,"column":3}}]},"3":{"type":"branch","line":18,"loc":{"start":{"line":18,"column":9},"end":{"line":20,"column":3}},"locations":[{"start":{"line":18,"column":9},"end":{"line":20,"column":3}}]},"4":{"type":"branch","line":22,"loc":{"start":{"line":22,"column":9},"end":{"line":28,"column":3}},"locations":[{"start":{"line":22,"column":9},"end":{"line":28,"column":3}}]},"5":{"type":"branch","line":23,"loc":{"start":{"line":23,"column":41},"end":{"line":25,"column":5}},"locations":[{"start":{"line":23,"column":41},"end":{"line":25,"column":5}}]},"6":{"type":"branch","line":30,"loc":{"start":{"line":30,"column":9},"end":{"line":37,"column":3}},"locations":[{"start":{"line":30,"column":9},"end":{"line":37,"column":3}}]},"7":{"type":"branch","line":31,"loc":{"start":{"line":31,"column":39},"end":{"line":33,"column":5}},"locations":[{"start":{"line":31,"column":39},"end":{"line":33,"column":5}}]},"8":{"type":"branch","line":39,"loc":{"start":{"line":39,"column":9},"end":{"line":52,"column":3}},"locations":[{"start":{"line":39,"column":9},"end":{"line":52,"column":3}}]},"9":{"type":"branch","line":40,"loc":{"start":{"line":40,"column":41},"end":{"line":42,"column":5}},"locations":[{"start":{"line":40,"column":41},"end":{"line":42,"column":5}}]},"10":{"type":"branch","line":44,"loc":{"start":{"line":44,"column":39},"end":{"line":46,"column":5}},"locations":[{"start":{"line":44,"column":39},"end":{"line":46,"column":5}}]},"11":{"type":"branch","line":54,"loc":{"start":{"line":54,"column":9},"end":{"line":62,"column":3}},"locations":[{"start":{"line":54,"column":9},"end":{"line":62,"column":3}}]},"12":{"type":"branch","line":55,"loc":{"start":{"line":55,"column":39},"end":{"line":57,"column":5}},"locations":[{"start":{"line":55,"column":39},"end":{"line":57,"column":5}}]},"13":{"type":"branch","line":64,"loc":{"start":{"line":64,"column":9},"end":{"line":73,"column":3}},"locations":[{"start":{"line":64,"column":9},"end":{"line":73,"column":3}}]},"14":{"type":"branch","line":68,"loc":{"start":{"line":68,"column":55},"end":{"line":70,"column":5}},"locations":[{"start":{"line":68,"column":55},"end":{"line":70,"column":5}}]},"15":{"type":"branch","line":75,"loc":{"start":{"line":75,"column":9},"end":{"line":86,"column":3}},"locations":[{"start":{"line":75,"column":9},"end":{"line":86,"column":3}}]},"16":{"type":"branch","line":81,"loc":{"start":{"line":81,"column":55},"end":{"line":83,"column":5}},"locations":[{"start":{"line":81,"column":55},"end":{"line":83,"column":5}}]},"17":{"type":"branch","line":88,"loc":{"start":{"line":88,"column":9},"end":{"line":96,"column":3}},"locations":[{"start":{"line":88,"column":9},"end":{"line":96,"column":3}}]},"18":{"type":"branch","line":89,"loc":{"start":{"line":89,"column":17},"end":{"line":95,"column":5}},"locations":[{"start":{"line":89,"column":17},"end":{"line":95,"column":5}}]},"19":{"type":"branch","line":91,"loc":{"start":{"line":91,"column":24},"end":{"line":93,"column":7}},"locations":[{"start":{"line":91,"column":24},"end":{"line":93,"column":7}}]},"20":{"type":"branch","line":94,"loc":{"start":{"line":94,"column":-1},"end":{"line":95,"column":5}},"locations":[{"start":{"line":94,"column":-1},"end":{"line":95,"column":5}}]},"21":{"type":"branch","line":98,"loc":{"start":{"line":98,"column":9},"end":{"line":106,"column":3}},"locations":[{"start":{"line":98,"column":9},"end":{"line":106,"column":3}}]},"22":{"type":"branch","line":104,"loc":{"start":{"line":104,"column":-1},"end":{"line":106,"column":3}},"locations":[{"start":{"line":104,"column":-1},"end":{"line":106,"column":3}}]},"23":{"type":"branch","line":108,"loc":{"start":{"line":108,"column":10},"end":{"line":112,"column":3}},"locations":[{"start":{"line":108,"column":10},"end":{"line":112,"column":3}}]},"24":{"type":"branch","line":109,"loc":{"start":{"line":109,"column":49},"end":{"line":111,"column":5}},"locations":[{"start":{"line":109,"column":49},"end":{"line":111,"column":5}}]},"25":{"type":"branch","line":114,"loc":{"start":{"line":114,"column":10},"end":{"line":118,"column":3}},"locations":[{"start":{"line":114,"column":10},"end":{"line":118,"column":3}}]},"26":{"type":"branch","line":115,"loc":{"start":{"line":115,"column":45},"end":{"line":117,"column":5}},"locations":[{"start":{"line":115,"column":45},"end":{"line":117,"column":5}}]}},"b":{"0":[12],"1":[7],"2":[85],"3":[2],"4":[4],"5":[0],"6":[73],"7":[0],"8":[1],"9":[0],"10":[0],"11":[1],"12":[0],"13":[1],"14":[0],"15":[8],"16":[0],"17":[1],"18":[8],"19":[1],"20":[7],"21":[1],"22":[0],"23":[2],"24":[12],"25":[8],"26":[38]},"fnMap":{"0":{"name":"Vector","decl":{"start":{"line":5,"column":2},"end":{"line":8,"column":3}},"loc":{"start":{"line":5,"column":2},"end":{"line":8,"column":3}},"line":5},"1":{"name":"size","decl":{"start":{"line":10,"column":9},"end":{"line":12,"column":3}},"loc":{"start":{"line":10,"column":9},"end":{"line":12,"column":3}},"line":10},"2":{"name":"capacity","decl":{"start":{"line":14,"column":9},"end":{"line":16,"column":3}},"loc":{"start":{"line":14,"column":9},"end":{"line":16,"column":3}},"line":14},"3":{"name":"isEmpty","decl":{"start":{"line":18,"column":9},"end":{"line":20,"column":3}},"loc":{"start":{"line":18,"column":9},"end":{"line":20,"column":3}},"line":18},"4":{"name":"at","decl":{"start":{"line":22,"column":9},"end":{"line":28,"column":3}},"loc":{"start":{"line":22,"column":9},"end":{"line":28,"column":3}},"line":22},"5":{"name":"push","decl":{"start":{"line":30,"column":9},"end":{"line":37,"column":3}},"loc":{"start":{"line":30,"column":9},"end":{"line":37,"column":3}},"line":30},"6":{"name":"insert","decl":{"start":{"line":39,"column":9},"end":{"line":52,"column":3}},"loc":{"start":{"line":39,"column":9},"end":{"line":52,"column":3}},"line":39},"7":{"name":"prepend","decl":{"start":{"line":54,"column":9},"end":{"line":62,"column":3}},"loc":{"start":{"line":54,"column":9},"end":{"line":62,"column":3}},"line":54},"8":{"name":"pop","decl":{"start":{"line":64,"column":9},"end":{"line":73,"column":3}},"loc":{"start":{"line":64,"column":9},"end":{"line":73,"column":3}},"line":64},"9":{"name":"delete","decl":{"start":{"line":75,"column":9},"end":{"line":86,"column":3}},"loc":{"start":{"line":75,"column":9},"end":{"line":86,"column":3}},"line":75},"10":{"name":"remove","decl":{"start":{"line":88,"column":9},"end":{"line":96,"column":3}},"loc":{"start":{"line":88,"column":9},"end":{"line":96,"column":3}},"line":88},"11":{"name":"find","decl":{"start":{"line":98,"column":9},"end":{"line":106,"column":3}},"loc":{"start":{"line":98,"column":9},"end":{"line":106,"column":3}},"line":98},"12":{"name":"shiftRight","decl":{"start":{"line":108,"column":10},"end":{"line":112,"column":3}},"loc":{"start":{"line":108,"column":10},"end":{"line":112,"column":3}},"line":108},"13":{"name":"shiftLeft","decl":{"start":{"line":114,"column":10},"end":{"line":118,"column":3}},"loc":{"start":{"line":114,"column":10},"end":{"line":118,"column":3}},"line":114},"14":{"name":"resize","decl":{"start":{"line":120,"column":10},"end":{"line":133,"column":3}},"loc":{"start":{"line":120,"column":10},"end":{"line":133,"column":3}},"line":120},"15":{"name":"toString","decl":{"start":{"line":135,"column":9},"end":{"line":147,"column":3}},"loc":{"start":{"line":135,"column":9},"end":{"line":147,"column":3}},"line":135},"16":{"name":"toStringLong","decl":{"start":{"line":149,"column":9},"end":{"line":161,"column":3}},"loc":{"start":{"line":149,"column":9},"end":{"line":161,"column":3}},"line":149}},"f":{"0":12,"1":7,"2":85,"3":2,"4":4,"5":73,"6":1,"7":1,"8":1,"9":8,"10":1,"11":1,"12":2,"13":8,"14":0,"15":0,"16":0}}
,"/Users/manuelopez/Desktop/code/dsAlgo/src/linkedList/singlyLL.ts": {"path":"/Users/manuelopez/Desktop/code/dsAlgo/src/linkedList/singlyLL.ts","all":false,"statementMap":{"0":{"start":{"line":1,"column":0},"end":{"line":1,"column":28}},"1":{"start":{"line":2,"column":0},"end":{"line":2,"column":0}},"2":{"start":{"line":3,"column":0},"end":{"line":3,"column":15}},"3":{"start":{"line":4,"column":0},"end":{"line":4,"column":16}},"4":{"start":{"line":5,"column":0},"end":{"line":5,"column":30}},"5":{"start":{"line":6,"column":0},"end":{"line":6,"column":1}},"6":{"start":{"line":7,"column":0},"end":{"line":7,"column":0}},"7":{"start":{"line":8,"column":0},"end":{"line":8,"column":38}},"8":{"start":{"line":9,"column":0},"end":{"line":9,"column":24}},"9":{"start":{"line":10,"column":0},"end":{"line":10,"column":31}},"10":{"start":{"line":11,"column":0},"end":{"line":11,"column":31}},"11":{"start":{"line":12,"column":0},"end":{"line":12,"column":0}},"12":{"start":{"line":13,"column":0},"end":{"line":13,"column":17}},"13":{"start":{"line":14,"column":0},"end":{"line":14,"column":19}},"14":{"start":{"line":15,"column":0},"end":{"line":15,"column":21}},"15":{"start":{"line":16,"column":0},"end":{"line":16,"column":3}},"16":{"start":{"line":17,"column":0},"end":{"line":17,"column":0}},"17":{"start":{"line":18,"column":0},"end":{"line":18,"column":17}},"18":{"start":{"line":19,"column":0},"end":{"line":19,"column":22}},"19":{"start":{"line":20,"column":0},"end":{"line":20,"column":3}},"20":{"start":{"line":21,"column":0},"end":{"line":21,"column":0}},"21":{"start":{"line":22,"column":0},"end":{"line":22,"column":18}},"22":{"start":{"line":23,"column":0},"end":{"line":23,"column":28}},"23":{"start":{"line":24,"column":0},"end":{"line":24,"column":3}},"24":{"start":{"line":25,"column":0},"end":{"line":25,"column":0}},"25":{"start":{"line":26,"column":0},"end":{"line":26,"column":33}},"26":{"start":{"line":27,"column":0},"end":{"line":27,"column":46}},"27":{"start":{"line":28,"column":0},"end":{"line":28,"column":13}},"28":{"start":{"line":29,"column":0},"end":{"line":29,"column":5}},"29":{"start":{"line":30,"column":0},"end":{"line":30,"column":0}},"30":{"start":{"line":31,"column":0},"end":{"line":31,"column":25}},"31":{"start":{"line":32,"column":0},"end":{"line":32,"column":14}},"32":{"start":{"line":33,"column":0},"end":{"line":33,"column":0}},"33":{"start":{"line":34,"column":0},"end":{"line":34,"column":24}},"34":{"start":{"line":35,"column":0},"end":{"line":35,"column":24}},"35":{"start":{"line":36,"column":0},"end":{"line":36,"column":10}},"36":{"start":{"line":37,"column":0},"end":{"line":37,"column":5}},"37":{"start":{"line":38,"column":0},"end":{"line":38,"column":0}},"38":{"start":{"line":39,"column":0},"end":{"line":39,"column":21}},"39":{"start":{"line":40,"column":0},"end":{"line":40,"column":3}},"40":{"start":{"line":41,"column":0},"end":{"line":41,"column":0}},"41":{"start":{"line":42,"column":0},"end":{"line":42,"column":28}},"42":{"start":{"line":43,"column":0},"end":{"line":43,"column":31}},"43":{"start":{"line":44,"column":0},"end":{"line":44,"column":19}},"44":{"start":{"line":45,"column":0},"end":{"line":45,"column":23}},"45":{"start":{"line":46,"column":0},"end":{"line":46,"column":23}},"46":{"start":{"line":47,"column":0},"end":{"line":47,"column":23}},"47":{"start":{"line":48,"column":0},"end":{"line":48,"column":12}},"48":{"start":{"line":49,"column":0},"end":{"line":49,"column":28}},"49":{"start":{"line":50,"column":0},"end":{"line":50,"column":23}},"50":{"start":{"line":51,"column":0},"end":{"line":51,"column":5}},"51":{"start":{"line":52,"column":0},"end":{"line":52,"column":0}},"52":{"start":{"line":53,"column":0},"end":{"line":53,"column":17}},"53":{"start":{"line":54,"column":0},"end":{"line":54,"column":3}},"54":{"start":{"line":55,"column":0},"end":{"line":55,"column":0}},"55":{"start":{"line":56,"column":0},"end":{"line":56,"column":21}},"56":{"start":{"line":57,"column":0},"end":{"line":57,"column":23}},"57":{"start":{"line":58,"column":0},"end":{"line":58,"column":18}},"58":{"start":{"line":59,"column":0},"end":{"line":59,"column":5}},"59":{"start":{"line":60,"column":0},"end":{"line":60,"column":0}},"60":{"start":{"line":61,"column":0},"end":{"line":61,"column":27}},"61":{"start":{"line":62,"column":0},"end":{"line":62,"column":32}},"62":{"start":{"line":63,"column":0},"end":{"line":63,"column":0}},"63":{"start":{"line":64,"column":0},"end":{"line":64,"column":17}},"64":{"start":{"line":65,"column":0},"end":{"line":65,"column":0}},"65":{"start":{"line":66,"column":0},"end":{"line":66,"column":16}},"66":{"start":{"line":67,"column":0},"end":{"line":67,"column":3}},"67":{"start":{"line":68,"column":0},"end":{"line":68,"column":0}},"68":{"start":{"line":69,"column":0},"end":{"line":69,"column":27}},"69":{"start":{"line":70,"column":0},"end":{"line":70,"column":62}},"70":{"start":{"line":71,"column":0},"end":{"line":71,"column":23}},"71":{"start":{"line":72,"column":0},"end":{"line":72,"column":35}},"72":{"start":{"line":73,"column":0},"end":{"line":73,"column":12}},"73":{"start":{"line":74,"column":0},"end":{"line":74,"column":29}},"74":{"start":{"line":75,"column":0},"end":{"line":75,"column":23}},"75":{"start":{"line":76,"column":0},"end":{"line":76,"column":5}},"76":{"start":{"line":77,"column":0},"end":{"line":77,"column":0}},"77":{"start":{"line":78,"column":0},"end":{"line":78,"column":17}},"78":{"start":{"line":79,"column":0},"end":{"line":79,"column":3}},"79":{"start":{"line":80,"column":0},"end":{"line":80,"column":0}},"80":{"start":{"line":81,"column":0},"end":{"line":81,"column":20}},"81":{"start":{"line":82,"column":0},"end":{"line":82,"column":23}},"82":{"start":{"line":83,"column":0},"end":{"line":83,"column":18}},"83":{"start":{"line":84,"column":0},"end":{"line":84,"column":5}},"84":{"start":{"line":85,"column":0},"end":{"line":85,"column":0}},"85":{"start":{"line":86,"column":0},"end":{"line":86,"column":17}},"86":{"start":{"line":87,"column":0},"end":{"line":87,"column":27}},"87":{"start":{"line":88,"column":0},"end":{"line":88,"column":34}},"88":{"start":{"line":89,"column":0},"end":{"line":89,"column":35}},"89":{"start":{"line":90,"column":0},"end":{"line":90,"column":18}},"90":{"start":{"line":91,"column":0},"end":{"line":91,"column":5}},"91":{"start":{"line":92,"column":0},"end":{"line":92,"column":0}},"92":{"start":{"line":93,"column":0},"end":{"line":93,"column":25}},"93":{"start":{"line":94,"column":0},"end":{"line":94,"column":20}},"94":{"start":{"line":95,"column":0},"end":{"line":95,"column":0}},"95":{"start":{"line":96,"column":0},"end":{"line":96,"column":31}},"96":{"start":{"line":97,"column":0},"end":{"line":97,"column":18}},"97":{"start":{"line":98,"column":0},"end":{"line":98,"column":0}},"98":{"start":{"line":99,"column":0},"end":{"line":99,"column":24}},"99":{"start":{"line":100,"column":0},"end":{"line":100,"column":5}},"100":{"start":{"line":101,"column":0},"end":{"line":101,"column":0}},"101":{"start":{"line":102,"column":0},"end":{"line":102,"column":21}},"102":{"start":{"line":103,"column":0},"end":{"line":103,"column":3}},"103":{"start":{"line":104,"column":0},"end":{"line":104,"column":0}},"104":{"start":{"line":105,"column":0},"end":{"line":105,"column":18}},"105":{"start":{"line":106,"column":0},"end":{"line":106,"column":23}},"106":{"start":{"line":107,"column":0},"end":{"line":107,"column":18}},"107":{"start":{"line":108,"column":0},"end":{"line":108,"column":5}},"108":{"start":{"line":109,"column":0},"end":{"line":109,"column":26}},"109":{"start":{"line":110,"column":0},"end":{"line":110,"column":3}},"110":{"start":{"line":111,"column":0},"end":{"line":111,"column":0}},"111":{"start":{"line":112,"column":0},"end":{"line":112,"column":17}},"112":{"start":{"line":113,"column":0},"end":{"line":113,"column":23}},"113":{"start":{"line":114,"column":0},"end":{"line":114,"column":18}},"114":{"start":{"line":115,"column":0},"end":{"line":115,"column":5}},"115":{"start":{"line":116,"column":0},"end":{"line":116,"column":0}},"116":{"start":{"line":117,"column":0},"end":{"line":117,"column":26}},"117":{"start":{"line":118,"column":0},"end":{"line":118,"column":3}},"118":{"start":{"line":119,"column":0},"end":{"line":119,"column":0}},"119":{"start":{"line":120,"column":0},"end":{"line":120,"column":40}},"120":{"start":{"line":121,"column":0},"end":{"line":121,"column":53}},"121":{"start":{"line":122,"column":0},"end":{"line":122,"column":0}},"122":{"start":{"line":123,"column":0},"end":{"line":123,"column":23}},"123":{"start":{"line":124,"column":0},"end":{"line":124,"column":35}},"124":{"start":{"line":125,"column":0},"end":{"line":125,"column":37}},"125":{"start":{"line":126,"column":0},"end":{"line":126,"column":29}},"126":{"start":{"line":127,"column":0},"end":{"line":127,"column":23}},"127":{"start":{"line":128,"column":0},"end":{"line":128,"column":12}},"128":{"start":{"line":129,"column":0},"end":{"line":129,"column":27}},"129":{"start":{"line":130,"column":0},"end":{"line":130,"column":16}},"130":{"start":{"line":131,"column":0},"end":{"line":131,"column":30}},"131":{"start":{"line":132,"column":0},"end":{"line":132,"column":26}},"132":{"start":{"line":133,"column":0},"end":{"line":133,"column":12}},"133":{"start":{"line":134,"column":0},"end":{"line":134,"column":7}},"134":{"start":{"line":135,"column":0},"end":{"line":135,"column":29}},"135":{"start":{"line":136,"column":0},"end":{"line":136,"column":24}},"136":{"start":{"line":137,"column":0},"end":{"line":137,"column":5}},"137":{"start":{"line":138,"column":0},"end":{"line":138,"column":0}},"138":{"start":{"line":139,"column":0},"end":{"line":139,"column":17}},"139":{"start":{"line":140,"column":0},"end":{"line":140,"column":3}},"140":{"start":{"line":141,"column":0},"end":{"line":141,"column":0}},"141":{"start":{"line":142,"column":0},"end":{"line":142,"column":31}},"142":{"start":{"line":143,"column":0},"end":{"line":143,"column":23}},"143":{"start":{"line":144,"column":0},"end":{"line":144,"column":13}},"144":{"start":{"line":145,"column":0},"end":{"line":145,"column":5}},"145":{"start":{"line":146,"column":0},"end":{"line":146,"column":0}},"146":{"start":{"line":147,"column":0},"end":{"line":147,"column":30}},"147":{"start":{"line":148,"column":0},"end":{"line":148,"column":13}},"148":{"start":{"line":149,"column":0},"end":{"line":149,"column":5}},"149":{"start":{"line":150,"column":0},"end":{"line":150,"column":0}},"150":{"start":{"line":151,"column":0},"end":{"line":151,"column":14}},"151":{"start":{"line":152,"column":0},"end":{"line":152,"column":25}},"152":{"start":{"line":153,"column":0},"end":{"line":153,"column":28}},"153":{"start":{"line":154,"column":0},"end":{"line":154,"column":24}},"154":{"start":{"line":155,"column":0},"end":{"line":155,"column":10}},"155":{"start":{"line":156,"column":0},"end":{"line":156,"column":5}},"156":{"start":{"line":157,"column":0},"end":{"line":157,"column":0}},"157":{"start":{"line":158,"column":0},"end":{"line":158,"column":34}},"158":{"start":{"line":159,"column":0},"end":{"line":159,"column":3}},"159":{"start":{"line":160,"column":0},"end":{"line":160,"column":0}},"160":{"start":{"line":161,"column":0},"end":{"line":161,"column":39}},"161":{"start":{"line":162,"column":0},"end":{"line":162,"column":31}},"162":{"start":{"line":163,"column":0},"end":{"line":163,"column":16}},"163":{"start":{"line":164,"column":0},"end":{"line":164,"column":13}},"164":{"start":{"line":165,"column":0},"end":{"line":165,"column":5}},"165":{"start":{"line":166,"column":0},"end":{"line":166,"column":25}},"166":{"start":{"line":167,"column":0},"end":{"line":167,"column":0}},"167":{"start":{"line":168,"column":0},"end":{"line":168,"column":15}},"168":{"start":{"line":169,"column":0},"end":{"line":169,"column":21}},"169":{"start":{"line":170,"column":0},"end":{"line":170,"column":24}},"170":{"start":{"line":171,"column":0},"end":{"line":171,"column":11}},"171":{"start":{"line":172,"column":0},"end":{"line":172,"column":5}},"172":{"start":{"line":173,"column":0},"end":{"line":173,"column":0}},"173":{"start":{"line":174,"column":0},"end":{"line":174,"column":21}},"174":{"start":{"line":175,"column":0},"end":{"line":175,"column":3}},"175":{"start":{"line":176,"column":0},"end":{"line":176,"column":0}},"176":{"start":{"line":177,"column":0},"end":{"line":177,"column":20}},"177":{"start":{"line":178,"column":0},"end":{"line":178,"column":23}},"178":{"start":{"line":179,"column":0},"end":{"line":179,"column":13}},"179":{"start":{"line":180,"column":0},"end":{"line":180,"column":5}},"180":{"start":{"line":181,"column":0},"end":{"line":181,"column":0}},"181":{"start":{"line":182,"column":0},"end":{"line":182,"column":25}},"182":{"start":{"line":183,"column":0},"end":{"line":183,"column":20}},"183":{"start":{"line":184,"column":0},"end":{"line":184,"column":25}},"184":{"start":{"line":185,"column":0},"end":{"line":185,"column":26}},"185":{"start":{"line":186,"column":0},"end":{"line":186,"column":23}},"186":{"start":{"line":187,"column":0},"end":{"line":187,"column":24}},"187":{"start":{"line":188,"column":0},"end":{"line":188,"column":18}},"188":{"start":{"line":189,"column":0},"end":{"line":189,"column":18}},"189":{"start":{"line":190,"column":0},"end":{"line":190,"column":5}},"190":{"start":{"line":191,"column":0},"end":{"line":191,"column":0}},"191":{"start":{"line":192,"column":0},"end":{"line":192,"column":25}},"192":{"start":{"line":193,"column":0},"end":{"line":193,"column":26}},"193":{"start":{"line":194,"column":0},"end":{"line":194,"column":21}},"194":{"start":{"line":195,"column":0},"end":{"line":195,"column":3}},"195":{"start":{"line":196,"column":0},"end":{"line":196,"column":0}},"196":{"start":{"line":197,"column":0},"end":{"line":197,"column":30}},"197":{"start":{"line":198,"column":0},"end":{"line":198,"column":23}},"198":{"start":{"line":199,"column":0},"end":{"line":199,"column":13}},"199":{"start":{"line":200,"column":0},"end":{"line":200,"column":5}},"200":{"start":{"line":201,"column":0},"end":{"line":201,"column":0}},"201":{"start":{"line":202,"column":0},"end":{"line":202,"column":25}},"202":{"start":{"line":203,"column":0},"end":{"line":203,"column":0}},"203":{"start":{"line":204,"column":0},"end":{"line":204,"column":20}},"204":{"start":{"line":205,"column":0},"end":{"line":205,"column":0}},"205":{"start":{"line":206,"column":0},"end":{"line":206,"column":26}},"206":{"start":{"line":207,"column":0},"end":{"line":207,"column":29}},"207":{"start":{"line":208,"column":0},"end":{"line":208,"column":14}},"208":{"start":{"line":209,"column":0},"end":{"line":209,"column":7}},"209":{"start":{"line":210,"column":0},"end":{"line":210,"column":0}},"210":{"start":{"line":211,"column":0},"end":{"line":211,"column":18}},"211":{"start":{"line":212,"column":0},"end":{"line":212,"column":23}},"212":{"start":{"line":213,"column":0},"end":{"line":213,"column":5}},"213":{"start":{"line":214,"column":0},"end":{"line":214,"column":0}},"214":{"start":{"line":215,"column":0},"end":{"line":215,"column":29}},"215":{"start":{"line":216,"column":0},"end":{"line":216,"column":34}},"216":{"start":{"line":217,"column":0},"end":{"line":217,"column":13}},"217":{"start":{"line":218,"column":0},"end":{"line":218,"column":36}},"218":{"start":{"line":219,"column":0},"end":{"line":219,"column":24}},"219":{"start":{"line":220,"column":0},"end":{"line":220,"column":58}},"220":{"start":{"line":221,"column":0},"end":{"line":221,"column":35}},"221":{"start":{"line":222,"column":0},"end":{"line":222,"column":12}},"222":{"start":{"line":223,"column":0},"end":{"line":223,"column":25}},"223":{"start":{"line":224,"column":0},"end":{"line":224,"column":32}},"224":{"start":{"line":225,"column":0},"end":{"line":225,"column":7}},"225":{"start":{"line":226,"column":0},"end":{"line":226,"column":5}},"226":{"start":{"line":227,"column":0},"end":{"line":227,"column":3}},"227":{"start":{"line":228,"column":0},"end":{"line":228,"column":0}},"228":{"start":{"line":229,"column":0},"end":{"line":229,"column":21}},"229":{"start":{"line":230,"column":0},"end":{"line":230,"column":18}},"230":{"start":{"line":231,"column":0},"end":{"line":231,"column":0}},"231":{"start":{"line":232,"column":0},"end":{"line":232,"column":25}},"232":{"start":{"line":233,"column":0},"end":{"line":233,"column":26}},"233":{"start":{"line":234,"column":0},"end":{"line":234,"column":31}},"234":{"start":{"line":235,"column":0},"end":{"line":235,"column":29}},"235":{"start":{"line":236,"column":0},"end":{"line":236,"column":14}},"236":{"start":{"line":237,"column":0},"end":{"line":237,"column":33}},"237":{"start":{"line":238,"column":0},"end":{"line":238,"column":7}},"238":{"start":{"line":239,"column":0},"end":{"line":239,"column":23}},"239":{"start":{"line":240,"column":0},"end":{"line":240,"column":5}},"240":{"start":{"line":241,"column":0},"end":{"line":241,"column":0}},"241":{"start":{"line":242,"column":0},"end":{"line":242,"column":15}},"242":{"start":{"line":243,"column":0},"end":{"line":243,"column":0}},"243":{"start":{"line":244,"column":0},"end":{"line":244,"column":15}},"244":{"start":{"line":245,"column":0},"end":{"line":245,"column":3}},"245":{"start":{"line":246,"column":0},"end":{"line":246,"column":1}}},"s":{"0":1,"1":1,"2":1,"3":1,"4":1,"5":1,"6":1,"7":1,"8":1,"9":1,"10":1,"11":1,"12":1,"13":10,"14":10,"15":10,"16":1,"17":1,"18":1,"19":1,"20":1,"21":1,"22":70,"23":70,"24":1,"25":1,"26":3,"27":0,"28":0,"29":3,"30":3,"31":3,"32":3,"33":3,"34":9,"35":9,"36":9,"37":3,"38":3,"39":3,"40":1,"41":1,"42":1,"43":1,"44":1,"45":0,"46":0,"47":1,"48":1,"49":1,"50":1,"51":1,"52":1,"53":1,"54":1,"55":1,"56":0,"57":0,"58":0,"59":0,"60":0,"61":0,"62":0,"63":0,"64":0,"65":0,"66":0,"67":1,"68":1,"69":55,"70":55,"71":9,"72":55,"73":46,"74":46,"75":46,"76":55,"77":55,"78":55,"79":1,"80":1,"81":0,"82":0,"83":0,"84":0,"85":0,"86":0,"87":0,"88":0,"89":0,"90":0,"91":0,"92":0,"93":0,"94":0,"95":0,"96":0,"97":0,"98":0,"99":0,"100":0,"101":0,"102":0,"103":1,"104":1,"105":3,"106":0,"107":0,"108":3,"109":3,"110":1,"111":1,"112":2,"113":0,"114":0,"115":2,"116":2,"117":2,"118":1,"119":1,"120":1,"121":1,"122":1,"123":0,"124":1,"125":0,"126":0,"127":1,"128":1,"129":1,"130":1,"131":2,"132":2,"133":2,"134":1,"135":1,"136":1,"137":1,"138":1,"139":1,"140":1,"141":1,"142":1,"143":0,"144":0,"145":1,"146":1,"147":0,"148":0,"149":1,"150":1,"151":1,"152":1,"153":1,"154":1,"155":1,"156":1,"157":1,"158":1,"159":1,"160":1,"161":1,"162":1,"163":0,"164":0,"165":1,"166":1,"167":1,"168":1,"169":4,"170":4,"171":4,"172":1,"173":1,"174":1,"175":1,"176":1,"177":1,"178":0,"179":0,"180":1,"181":1,"182":1,"183":1,"184":1,"185":6,"186":6,"187":6,"188":6,"189":6,"190":1,"191":1,"192":1,"193":1,"194":1,"195":1,"196":1,"197":1,"198":0,"199":0,"200":1,"201":1,"202":1,"203":1,"204":1,"205":1,"206":6,"207":1,"208":1,"209":5,"210":5,"211":5,"212":5,"213":1,"214":1,"215":0,"216":0,"217":1,"218":1,"219":1,"220":0,"221":0,"222":0,"223":0,"224":0,"225":0,"226":1,"227":1,"228":1,"229":0,"230":0,"231":0,"232":0,"233":0,"234":0,"235":0,"236":0,"237":0,"238":0,"239":0,"240":0,"241":0,"242":0,"243":0,"244":0,"245":1},"branchMap":{"0":{"type":"branch","line":13,"loc":{"start":{"line":13,"column":2},"end":{"line":16,"column":3}},"locations":[{"start":{"line":13,"column":2},"end":{"line":16,"column":3}}]},"1":{"type":"branch","line":18,"loc":{"start":{"line":18,"column":9},"end":{"line":20,"column":3}},"locations":[{"start":{"line":18,"column":9},"end":{"line":20,"column":3}}]},"2":{"type":"branch","line":22,"loc":{"start":{"line":22,"column":9},"end":{"line":24,"column":3}},"locations":[{"start":{"line":22,"column":9},"end":{"line":24,"column":3}}]},"3":{"type":"branch","line":26,"loc":{"start":{"line":26,"column":9},"end":{"line":40,"column":3}},"locations":[{"start":{"line":26,"column":9},"end":{"line":40,"column":3}}]},"4":{"type":"branch","line":27,"loc":{"start":{"line":27,"column":45},"end":{"line":29,"column":5}},"locations":[{"start":{"line":27,"column":45},"end":{"line":29,"column":5}}]},"5":{"type":"branch","line":34,"loc":{"start":{"line":34,"column":23},"end":{"line":37,"column":5}},"locations":[{"start":{"line":34,"column":23},"end":{"line":37,"column":5}}]},"6":{"type":"branch","line":42,"loc":{"start":{"line":42,"column":9},"end":{"line":54,"column":3}},"locations":[{"start":{"line":42,"column":9},"end":{"line":54,"column":3}}]},"7":{"type":"branch","line":45,"loc":{"start":{"line":45,"column":22},"end":{"line":48,"column":5}},"locations":[{"start":{"line":45,"column":22},"end":{"line":48,"column":5}}]},"8":{"type":"branch","line":69,"loc":{"start":{"line":69,"column":9},"end":{"line":79,"column":3}},"locations":[{"start":{"line":69,"column":9},"end":{"line":79,"column":3}}]},"9":{"type":"branch","line":71,"loc":{"start":{"line":71,"column":22},"end":{"line":73,"column":5}},"locations":[{"start":{"line":71,"column":22},"end":{"line":73,"column":5}}]},"10":{"type":"branch","line":73,"loc":{"start":{"line":73,"column":5},"end":{"line":76,"column":5}},"locations":[{"start":{"line":73,"column":5},"end":{"line":76,"column":5}}]},"11":{"type":"branch","line":105,"loc":{"start":{"line":105,"column":9},"end":{"line":110,"column":3}},"locations":[{"start":{"line":105,"column":9},"end":{"line":110,"column":3}}]},"12":{"type":"branch","line":106,"loc":{"start":{"line":106,"column":22},"end":{"line":108,"column":5}},"locations":[{"start":{"line":106,"column":22},"end":{"line":108,"column":5}}]},"13":{"type":"branch","line":112,"loc":{"start":{"line":112,"column":9},"end":{"line":118,"column":3}},"locations":[{"start":{"line":112,"column":9},"end":{"line":118,"column":3}}]},"14":{"type":"branch","line":113,"loc":{"start":{"line":113,"column":22},"end":{"line":115,"column":5}},"locations":[{"start":{"line":113,"column":22},"end":{"line":115,"column":5}}]},"15":{"type":"branch","line":120,"loc":{"start":{"line":120,"column":9},"end":{"line":140,"column":3}},"locations":[{"start":{"line":120,"column":9},"end":{"line":140,"column":3}}]},"16":{"type":"branch","line":123,"loc":{"start":{"line":123,"column":22},"end":{"line":125,"column":5}},"locations":[{"start":{"line":123,"column":22},"end":{"line":125,"column":5}}]},"17":{"type":"branch","line":125,"loc":{"start":{"line":125,"column":36},"end":{"line":128,"column":5}},"locations":[{"start":{"line":125,"column":36},"end":{"line":128,"column":5}}]},"18":{"type":"branch","line":131,"loc":{"start":{"line":131,"column":29},"end":{"line":134,"column":7}},"locations":[{"start":{"line":131,"column":29},"end":{"line":134,"column":7}}]},"19":{"type":"branch","line":142,"loc":{"start":{"line":142,"column":9},"end":{"line":159,"column":3}},"locations":[{"start":{"line":142,"column":9},"end":{"line":159,"column":3}}]},"20":{"type":"branch","line":143,"loc":{"start":{"line":143,"column":22},"end":{"line":145,"column":5}},"locations":[{"start":{"line":143,"column":22},"end":{"line":145,"column":5}}]},"21":{"type":"branch","line":147,"loc":{"start":{"line":147,"column":29},"end":{"line":149,"column":5}},"locations":[{"start":{"line":147,"column":29},"end":{"line":149,"column":5}}]},"22":{"type":"branch","line":161,"loc":{"start":{"line":161,"column":9},"end":{"line":175,"column":3}},"locations":[{"start":{"line":161,"column":9},"end":{"line":175,"column":3}}]},"23":{"type":"branch","line":163,"loc":{"start":{"line":163,"column":15},"end":{"line":165,"column":5}},"locations":[{"start":{"line":163,"column":15},"end":{"line":165,"column":5}}]},"24":{"type":"branch","line":169,"loc":{"start":{"line":169,"column":20},"end":{"line":172,"column":5}},"locations":[{"start":{"line":169,"column":20},"end":{"line":172,"column":5}}]},"25":{"type":"branch","line":177,"loc":{"start":{"line":177,"column":9},"end":{"line":195,"column":3}},"locations":[{"start":{"line":177,"column":9},"end":{"line":195,"column":3}}]},"26":{"type":"branch","line":178,"loc":{"start":{"line":178,"column":22},"end":{"line":180,"column":5}},"locations":[{"start":{"line":178,"column":22},"end":{"line":180,"column":5}}]},"27":{"type":"branch","line":185,"loc":{"start":{"line":185,"column":25},"end":{"line":190,"column":5}},"locations":[{"start":{"line":185,"column":25},"end":{"line":190,"column":5}}]},"28":{"type":"branch","line":197,"loc":{"start":{"line":197,"column":9},"end":{"line":227,"column":3}},"locations":[{"start":{"line":197,"column":9},"end":{"line":227,"column":3}}]},"29":{"type":"branch","line":198,"loc":{"start":{"line":198,"column":22},"end":{"line":200,"column":5}},"locations":[{"start":{"line":198,"column":22},"end":{"line":200,"column":5}}]},"30":{"type":"branch","line":206,"loc":{"start":{"line":206,"column":25},"end":{"line":213,"column":5}},"locations":[{"start":{"line":206,"column":25},"end":{"line":213,"column":5}}]},"31":{"type":"branch","line":207,"loc":{"start":{"line":207,"column":28},"end":{"line":209,"column":7}},"locations":[{"start":{"line":207,"column":28},"end":{"line":209,"column":7}}]},"32":{"type":"branch","line":210,"loc":{"start":{"line":210,"column":-1},"end":{"line":213,"column":5}},"locations":[{"start":{"line":210,"column":-1},"end":{"line":213,"column":5}}]},"33":{"type":"branch","line":215,"loc":{"start":{"line":215,"column":28},"end":{"line":218,"column":5}},"locations":[{"start":{"line":215,"column":28},"end":{"line":218,"column":5}}]},"34":{"type":"branch","line":220,"loc":{"start":{"line":220,"column":5},"end":{"line":226,"column":5}},"locations":[{"start":{"line":220,"column":5},"end":{"line":226,"column":5}}]}},"b":{"0":[10],"1":[1],"2":[70],"3":[3],"4":[0],"5":[9],"6":[1],"7":[0],"8":[55],"9":[9],"10":[46],"11":[3],"12":[0],"13":[2],"14":[0],"15":[1],"16":[0],"17":[0],"18":[2],"19":[1],"20":[0],"21":[0],"22":[1],"23":[0],"24":[4],"25":[1],"26":[0],"27":[6],"28":[1],"29":[0],"30":[6],"31":[1],"32":[5],"33":[0],"34":[0]},"fnMap":{"0":{"name":"SinglyLinkedLisTailt","decl":{"start":{"line":13,"column":2},"end":{"line":16,"column":3}},"loc":{"start":{"line":13,"column":2},"end":{"line":16,"column":3}},"line":13},"1":{"name":"size","decl":{"start":{"line":18,"column":9},"end":{"line":20,"column":3}},"loc":{"start":{"line":18,"column":9},"end":{"line":20,"column":3}},"line":18},"2":{"name":"empty","decl":{"start":{"line":22,"column":9},"end":{"line":24,"column":3}},"loc":{"start":{"line":22,"column":9},"end":{"line":24,"column":3}},"line":22},"3":{"name":"valueAt","decl":{"start":{"line":26,"column":9},"end":{"line":40,"column":3}},"loc":{"start":{"line":26,"column":9},"end":{"line":40,"column":3}},"line":26},"4":{"name":"pushFront","decl":{"start":{"line":42,"column":9},"end":{"line":54,"column":3}},"loc":{"start":{"line":42,"column":9},"end":{"line":54,"column":3}},"line":42},"5":{"name":"popFront","decl":{"start":{"line":56,"column":9},"end":{"line":67,"column":3}},"loc":{"start":{"line":56,"column":9},"end":{"line":67,"column":3}},"line":56},"6":{"name":"pushBack","decl":{"start":{"line":69,"column":9},"end":{"line":79,"column":3}},"loc":{"start":{"line":69,"column":9},"end":{"line":79,"column":3}},"line":69},"7":{"name":"popBack","decl":{"start":{"line":81,"column":9},"end":{"line":103,"column":3}},"loc":{"start":{"line":81,"column":9},"end":{"line":103,"column":3}},"line":81},"8":{"name":"front","decl":{"start":{"line":105,"column":9},"end":{"line":110,"column":3}},"loc":{"start":{"line":105,"column":9},"end":{"line":110,"column":3}},"line":105},"9":{"name":"back","decl":{"start":{"line":112,"column":9},"end":{"line":118,"column":3}},"loc":{"start":{"line":112,"column":9},"end":{"line":118,"column":3}},"line":112},"10":{"name":"insert","decl":{"start":{"line":120,"column":9},"end":{"line":140,"column":3}},"loc":{"start":{"line":120,"column":9},"end":{"line":140,"column":3}},"line":120},"11":{"name":"erase","decl":{"start":{"line":142,"column":9},"end":{"line":159,"column":3}},"loc":{"start":{"line":142,"column":9},"end":{"line":159,"column":3}},"line":142},"12":{"name":"valueNFromEnd","decl":{"start":{"line":161,"column":9},"end":{"line":175,"column":3}},"loc":{"start":{"line":161,"column":9},"end":{"line":175,"column":3}},"line":161},"13":{"name":"reverse","decl":{"start":{"line":177,"column":9},"end":{"line":195,"column":3}},"loc":{"start":{"line":177,"column":9},"end":{"line":195,"column":3}},"line":177},"14":{"name":"removeValue","decl":{"start":{"line":197,"column":9},"end":{"line":227,"column":3}},"loc":{"start":{"line":197,"column":9},"end":{"line":227,"column":3}},"line":197},"15":{"name":"toString","decl":{"start":{"line":229,"column":9},"end":{"line":245,"column":3}},"loc":{"start":{"line":229,"column":9},"end":{"line":245,"column":3}},"line":229}},"f":{"0":10,"1":1,"2":70,"3":3,"4":1,"5":0,"6":55,"7":0,"8":3,"9":2,"10":1,"11":1,"12":1,"13":1,"14":1,"15":0}}
}
