TN:
SF:src/arrays/vector.ts
FN:5,Vector
FN:10,size
FN:14,capacity
FN:18,isEmpty
FN:22,at
FN:30,push
FN:39,insert
FN:54,prepend
FN:64,pop
FN:75,delete
FN:88,remove
FN:98,find
FN:108,shiftRight
FN:114,shiftLeft
FN:120,resize
FN:135,toString
FN:149,toStringLong
FNF:17
FNH:14
FNDA:12,Vector
FNDA:7,size
FNDA:85,capacity
FNDA:2,isEmpty
FNDA:4,at
FNDA:73,push
FNDA:1,insert
FNDA:1,prepend
FNDA:1,pop
FNDA:8,delete
FNDA:1,remove
FNDA:1,find
FNDA:2,shiftRight
FNDA:8,shiftLeft
FNDA:0,resize
FNDA:0,toString
FNDA:0,toStringLong
DA:1,1
DA:2,1
DA:3,1
DA:4,1
DA:5,1
DA:6,12
DA:7,12
DA:8,12
DA:9,1
DA:10,1
DA:11,7
DA:12,7
DA:13,1
DA:14,1
DA:15,85
DA:16,85
DA:17,1
DA:18,1
DA:19,2
DA:20,2
DA:21,1
DA:22,1
DA:23,4
DA:24,0
DA:25,0
DA:26,4
DA:27,4
DA:28,4
DA:29,1
DA:30,1
DA:31,73
DA:32,0
DA:33,0
DA:34,73
DA:35,73
DA:36,73
DA:37,73
DA:38,1
DA:39,1
DA:40,1
DA:41,0
DA:42,0
DA:43,1
DA:44,1
DA:45,0
DA:46,0
DA:47,1
DA:48,1
DA:49,1
DA:50,1
DA:51,1
DA:52,1
DA:53,1
DA:54,1
DA:55,1
DA:56,0
DA:57,0
DA:58,1
DA:59,1
DA:60,1
DA:61,1
DA:62,1
DA:63,1
DA:64,1
DA:65,1
DA:66,1
DA:67,1
DA:68,1
DA:69,0
DA:70,0
DA:71,1
DA:72,1
DA:73,1
DA:74,1
DA:75,1
DA:76,8
DA:77,8
DA:78,8
DA:79,8
DA:80,8
DA:81,8
DA:82,0
DA:83,0
DA:84,8
DA:85,8
DA:86,8
DA:87,1
DA:88,1
DA:89,1
DA:90,8
DA:91,8
DA:92,1
DA:93,1
DA:94,7
DA:95,7
DA:96,1
DA:97,1
DA:98,1
DA:99,1
DA:100,1
DA:101,1
DA:102,1
DA:103,1
DA:104,0
DA:105,0
DA:106,0
DA:107,1
DA:108,1
DA:109,2
DA:110,12
DA:111,12
DA:112,2
DA:113,1
DA:114,1
DA:115,8
DA:116,38
DA:117,38
DA:118,8
DA:119,1
DA:120,1
DA:121,0
DA:122,0
DA:123,0
DA:124,0
DA:125,0
DA:126,0
DA:127,0
DA:128,0
DA:129,0
DA:130,0
DA:131,0
DA:132,0
DA:133,0
DA:134,1
DA:135,1
DA:136,0
DA:137,0
DA:138,0
DA:139,0
DA:140,0
DA:141,0
DA:142,0
DA:143,0
DA:144,0
DA:145,0
DA:146,0
DA:147,0
DA:148,1
DA:149,1
DA:150,0
DA:151,0
DA:152,0
DA:153,0
DA:154,0
DA:155,0
DA:156,0
DA:157,0
DA:158,0
DA:159,0
DA:160,0
DA:161,0
DA:162,1
LF:162
LH:108
BRDA:5,0,0,12
BRDA:10,1,0,7
BRDA:14,2,0,85
BRDA:18,3,0,2
BRDA:22,4,0,4
BRDA:23,5,0,0
BRDA:30,6,0,73
BRDA:31,7,0,0
BRDA:39,8,0,1
BRDA:40,9,0,0
BRDA:44,10,0,0
BRDA:54,11,0,1
BRDA:55,12,0,0
BRDA:64,13,0,1
BRDA:68,14,0,0
BRDA:75,15,0,8
BRDA:81,16,0,0
BRDA:88,17,0,1
BRDA:89,18,0,8
BRDA:91,19,0,1
BRDA:94,20,0,7
BRDA:98,21,0,1
BRDA:104,22,0,0
BRDA:108,23,0,2
BRDA:109,24,0,12
BRDA:114,25,0,8
BRDA:115,26,0,38
BRF:27
BRH:19
end_of_record
TN:
SF:src/linkedList/singlyLL.ts
FN:13,SinglyLinkedLisTailt
FN:18,size
FN:22,empty
FN:26,valueAt
FN:42,pushFront
FN:56,popFront
FN:69,pushBack
FN:81,popBack
FN:105,front
FN:112,back
FN:120,insert
FN:142,erase
FN:161,valueNFromEnd
FN:177,reverse
FN:197,removeValue
FN:229,toString
FNF:16
FNH:13
FNDA:10,SinglyLinkedLisTailt
FNDA:1,size
FNDA:70,empty
FNDA:3,valueAt
FNDA:1,pushFront
FNDA:0,popFront
FNDA:55,pushBack
FNDA:0,popBack
FNDA:3,front
FNDA:2,back
FNDA:1,insert
FNDA:1,erase
FNDA:1,valueNFromEnd
FNDA:1,reverse
FNDA:1,removeValue
FNDA:0,toString
DA:1,1
DA:2,1
DA:3,1
DA:4,1
DA:5,1
DA:6,1
DA:7,1
DA:8,1
DA:9,1
DA:10,1
DA:11,1
DA:12,1
DA:13,1
DA:14,10
DA:15,10
DA:16,10
DA:17,1
DA:18,1
DA:19,1
DA:20,1
DA:21,1
DA:22,1
DA:23,70
DA:24,70
DA:25,1
DA:26,1
DA:27,3
DA:28,0
DA:29,0
DA:30,3
DA:31,3
DA:32,3
DA:33,3
DA:34,3
DA:35,9
DA:36,9
DA:37,9
DA:38,3
DA:39,3
DA:40,3
DA:41,1
DA:42,1
DA:43,1
DA:44,1
DA:45,1
DA:46,0
DA:47,0
DA:48,1
DA:49,1
DA:50,1
DA:51,1
DA:52,1
DA:53,1
DA:54,1
DA:55,1
DA:56,1
DA:57,0
DA:58,0
DA:59,0
DA:60,0
DA:61,0
DA:62,0
DA:63,0
DA:64,0
DA:65,0
DA:66,0
DA:67,0
DA:68,1
DA:69,1
DA:70,55
DA:71,55
DA:72,9
DA:73,55
DA:74,46
DA:75,46
DA:76,46
DA:77,55
DA:78,55
DA:79,55
DA:80,1
DA:81,1
DA:82,0
DA:83,0
DA:84,0
DA:85,0
DA:86,0
DA:87,0
DA:88,0
DA:89,0
DA:90,0
DA:91,0
DA:92,0
DA:93,0
DA:94,0
DA:95,0
DA:96,0
DA:97,0
DA:98,0
DA:99,0
DA:100,0
DA:101,0
DA:102,0
DA:103,0
DA:104,1
DA:105,1
DA:106,3
DA:107,0
DA:108,0
DA:109,3
DA:110,3
DA:111,1
DA:112,1
DA:113,2
DA:114,0
DA:115,0
DA:116,2
DA:117,2
DA:118,2
DA:119,1
DA:120,1
DA:121,1
DA:122,1
DA:123,1
DA:124,0
DA:125,1
DA:126,0
DA:127,0
DA:128,1
DA:129,1
DA:130,1
DA:131,1
DA:132,2
DA:133,2
DA:134,2
DA:135,1
DA:136,1
DA:137,1
DA:138,1
DA:139,1
DA:140,1
DA:141,1
DA:142,1
DA:143,1
DA:144,0
DA:145,0
DA:146,1
DA:147,1
DA:148,0
DA:149,0
DA:150,1
DA:151,1
DA:152,1
DA:153,1
DA:154,1
DA:155,1
DA:156,1
DA:157,1
DA:158,1
DA:159,1
DA:160,1
DA:161,1
DA:162,1
DA:163,1
DA:164,0
DA:165,0
DA:166,1
DA:167,1
DA:168,1
DA:169,1
DA:170,4
DA:171,4
DA:172,4
DA:173,1
DA:174,1
DA:175,1
DA:176,1
DA:177,1
DA:178,1
DA:179,0
DA:180,0
DA:181,1
DA:182,1
DA:183,1
DA:184,1
DA:185,1
DA:186,6
DA:187,6
DA:188,6
DA:189,6
DA:190,6
DA:191,1
DA:192,1
DA:193,1
DA:194,1
DA:195,1
DA:196,1
DA:197,1
DA:198,1
DA:199,0
DA:200,0
DA:201,1
DA:202,1
DA:203,1
DA:204,1
DA:205,1
DA:206,1
DA:207,6
DA:208,1
DA:209,1
DA:210,5
DA:211,5
DA:212,5
DA:213,5
DA:214,1
DA:215,1
DA:216,0
DA:217,0
DA:218,1
DA:219,1
DA:220,1
DA:221,0
DA:222,0
DA:223,0
DA:224,0
DA:225,0
DA:226,0
DA:227,1
DA:228,1
DA:229,1
DA:230,0
DA:231,0
DA:232,0
DA:233,0
DA:234,0
DA:235,0
DA:236,0
DA:237,0
DA:238,0
DA:239,0
DA:240,0
DA:241,0
DA:242,0
DA:243,0
DA:244,0
DA:245,0
DA:246,1
LF:246
LH:168
BRDA:13,0,0,10
BRDA:18,1,0,1
BRDA:22,2,0,70
BRDA:26,3,0,3
BRDA:27,4,0,0
BRDA:34,5,0,9
BRDA:42,6,0,1
BRDA:45,7,0,0
BRDA:69,8,0,55
BRDA:71,9,0,9
BRDA:73,10,0,46
BRDA:105,11,0,3
BRDA:106,12,0,0
BRDA:112,13,0,2
BRDA:113,14,0,0
BRDA:120,15,0,1
BRDA:123,16,0,0
BRDA:125,17,0,0
BRDA:131,18,0,2
BRDA:142,19,0,1
BRDA:143,20,0,0
BRDA:147,21,0,0
BRDA:161,22,0,1
BRDA:163,23,0,0
BRDA:169,24,0,4
BRDA:177,25,0,1
BRDA:178,26,0,0
BRDA:185,27,0,6
BRDA:197,28,0,1
BRDA:198,29,0,0
BRDA:206,30,0,6
BRDA:207,31,0,1
BRDA:210,32,0,5
BRDA:215,33,0,0
BRDA:220,34,0,0
BRF:35
BRH:22
end_of_record
